<?xml version="1.0" encoding="UTF-8"?>
<!-- Generated by org.testng.reporters.JUnitReportReporter -->
<testsuite skipped="0" hostname="dlutsyuk-dell" name="com.mainproject.test.iacaHome" tests="1" failures="0" timestamp="13 Nov 2016 16:44:11 GMT" time="4.039" errors="0">
  <testcase name="testOpenHomePage" time="4.039" classname="com.mainproject.test.iacaHome"/>
</testsuite> <!-- com.mainproject.test.iacaHome -->
