<?xml version="1.0" encoding="UTF-8"?>
<!-- Generated by org.testng.reporters.JUnitReportReporter -->
<testsuite skipped="0" hostname="dlutsyuk-dell" name="com.mainproject.test.iaca" tests="1" failures="0" timestamp="13 Nov 2016 16:17:17 GMT" time="4.995" errors="0">
  <testcase name="testOpenHomePage" time="4.995" classname="com.mainproject.test.iaca"/>
</testsuite> <!-- com.mainproject.test.iaca -->
